# JRE version: OpenJDK Runtime Environment Temurin-21.0.8+9 (21.0.8+9) (build 21.0.8+9-LTS)
# Java VM: OpenJDK 64-Bit Server VM Temurin-21.0.8+9 (21.0.8+9-LTS, mixed mode, sharing, tiered, compressed oops, compressed class ptrs, parallel gc, linux-amd64)
GC Precious Log:
 CardTable entry size: 512
 CPUs: 8 total, 8 available
 Memory: 15776M
 Large Page Support: Disabled
 NUMA Support: Disabled
 Compressed Oops: Enabled (32-bit)
 Alignments: Space 512K, Generation 512K, Heap 2M
 Heap Min Capacity: 100M
 Heap Initial Capacity: 100M
 Heap Max Capacity: 2G
 Pre-touch: Disabled
 Parallel Workers: 8
Heap:
 PSYoungGen      total 23040K, used 586K [0x00000000d5580000, 0x00000000d6e00000, 0x0000000100000000)
  eden space 22016K, 0% used [0x00000000d5580000,0x00000000d5580000,0x00000000d6b00000)
  from space 1024K, 57% used [0x00000000d6d00000,0x00000000d6d928b8,0x00000000d6e00000)
  to   space 1024K, 0% used [0x00000000d6c00000,0x00000000d6c00000,0x00000000d6d00000)
 ParOldGen       total 68608K, used 29619K [0x0000000080000000, 0x0000000084300000, 0x00000000d5580000)
  object space 68608K, 43% used [0x0000000080000000,0x0000000081cecdb8,0x0000000084300000)
 Metaspace       used 34911K, committed 35840K, reserved 1114112K
  class space    used 3545K, committed 3968K, reserved 1048576K
GC Heap History (20 events):
Event: 1.303 GC heap after
{Heap after GC invocations=8 (full 1):
 PSYoungGen      total 27136K, used 2341K [0x00000000d5580000, 0x00000000d7580000, 0x0000000100000000)
  eden space 24576K, 0% used [0x00000000d5580000,0x00000000d5580000,0x00000000d6d80000)
  from space 2560K, 91% used [0x00000000d6e80000,0x00000000d70c96e0,0x00000000d7100000)
  to   space 4096K, 0% used [0x00000000d7180000,0x00000000d7180000,0x00000000d7580000)
 ParOldGen       total 68608K, used 11294K [0x0000000080000000, 0x0000000084300000, 0x00000000d5580000)
  object space 68608K, 16% used [0x0000000080000000,0x0000000080b07ab8,0x0000000084300000)
 Metaspace       used 24747K, committed 25472K, reserved 1114112K
  class space    used 2373K, committed 2688K, reserved 1048576K
}
Event: 1.426 GC heap before
{Heap before GC invocations=9 (full 1):
 PSYoungGen      total 27136K, used 26917K [0x00000000d5580000, 0x00000000d7580000, 0x0000000100000000)
  eden space 24576K, 100% used [0x00000000d5580000,0x00000000d6d80000,0x00000000d6d80000)
  from space 2560K, 91% used [0x00000000d6e80000,0x00000000d70c96e0,0x00000000d7100000)
  to   space 4096K, 0% used [0x00000000d7180000,0x00000000d7180000,0x00000000d7580000)
 ParOldGen       total 68608K, used 11294K [0x0000000080000000, 0x0000000084300000, 0x00000000d5580000)
  object space 68608K, 16% used [0x0000000080000000,0x0000000080b07ab8,0x0000000084300000)
 Metaspace       used 28477K, committed 29376K, reserved 1114112K
  class space    used 2833K, committed 3200K, reserved 1048576K
}
Event: 1.430 GC heap after
{Heap after GC invocations=9 (full 1):
 PSYoungGen      total 27648K, used 3377K [0x00000000d5580000, 0x00000000d7500000, 0x0000000100000000)
  eden space 24064K, 0% used [0x00000000d5580000,0x00000000d5580000,0x00000000d6d00000)
  from space 3584K, 94% used [0x00000000d7180000,0x00000000d74cc7e8,0x00000000d7500000)
  to   space 4096K, 0% used [0x00000000d6d00000,0x00000000d6d00000,0x00000000d7100000)
 ParOldGen       total 68608K, used 11302K [0x0000000080000000, 0x0000000084300000, 0x00000000d5580000)
  object space 68608K, 16% used [0x0000000080000000,0x0000000080b09ab8,0x0000000084300000)
 Metaspace       used 28477K, committed 29376K, reserved 1114112K
  class space    used 2833K, committed 3200K, reserved 1048576K
}
Event: 1.604 GC heap before
{Heap before GC invocations=10 (full 1):
 PSYoungGen      total 27648K, used 27441K [0x00000000d5580000, 0x00000000d7500000, 0x0000000100000000)
  eden space 24064K, 100% used [0x00000000d5580000,0x00000000d6d00000,0x00000000d6d00000)
  from space 3584K, 94% used [0x00000000d7180000,0x00000000d74cc7e8,0x00000000d7500000)
  to   space 4096K, 0% used [0x00000000d6d00000,0x00000000d6d00000,0x00000000d7100000)
 ParOldGen       total 68608K, used 11302K [0x0000000080000000, 0x0000000084300000, 0x00000000d5580000)
  object space 68608K, 16% used [0x0000000080000000,0x0000000080b09ab8,0x0000000084300000)
 Metaspace       used 30939K, committed 31808K, reserved 1114112K
  class space    used 3078K, committed 3456K, reserved 1048576K
}
Event: 1.607 GC heap after
{Heap after GC invocations=10 (full 1):
 PSYoungGen      total 27648K, used 4068K [0x00000000d5580000, 0x00000000d7780000, 0x0000000100000000)
  eden space 23552K, 0% used [0x00000000d5580000,0x00000000d5580000,0x00000000d6c80000)
  from space 4096K, 99% used [0x00000000d6d00000,0x00000000d70f90e0,0x00000000d7100000)
  to   space 5632K, 0% used [0x00000000d7200000,0x00000000d7200000,0x00000000d7780000)
 ParOldGen       total 68608K, used 12110K [0x0000000080000000, 0x0000000084300000, 0x00000000d5580000)
  object space 68608K, 17% used [0x0000000080000000,0x0000000080bd3ae8,0x0000000084300000)
 Metaspace       used 30939K, committed 31808K, reserved 1114112K
  class space    used 3078K, committed 3456K, reserved 1048576K
}
Event: 1.655 GC heap before
{Heap before GC invocations=11 (full 1):
 PSYoungGen      total 27648K, used 27620K [0x00000000d5580000, 0x00000000d7780000, 0x0000000100000000)
  eden space 23552K, 100% used [0x00000000d5580000,0x00000000d6c80000,0x00000000d6c80000)
  from space 4096K, 99% used [0x00000000d6d00000,0x00000000d70f90e0,0x00000000d7100000)
  to   space 5632K, 0% used [0x00000000d7200000,0x00000000d7200000,0x00000000d7780000)
 ParOldGen       total 68608K, used 12110K [0x0000000080000000, 0x0000000084300000, 0x00000000d5580000)
  object space 68608K, 17% used [0x0000000080000000,0x0000000080bd3ae8,0x0000000084300000)
 Metaspace       used 31044K, committed 32000K, reserved 1114112K
  class space    used 3094K, committed 3520K, reserved 1048576K
}
Event: 1.660 GC heap after
{Heap after GC invocations=11 (full 1):
 PSYoungGen      total 27648K, used 4207K [0x00000000d5580000, 0x00000000d7680000, 0x0000000100000000)
  eden space 23040K, 0% used [0x00000000d5580000,0x00000000d5580000,0x00000000d6c00000)
  from space 4608K, 91% used [0x00000000d7200000,0x00000000d761bc48,0x00000000d7680000)
  to   space 4608K, 0% used [0x00000000d6d80000,0x00000000d6d80000,0x00000000d7200000)
 ParOldGen       total 68608K, used 14693K [0x0000000080000000, 0x0000000084300000, 0x00000000d5580000)
  object space 68608K, 21% used [0x0000000080000000,0x0000000080e59458,0x0000000084300000)
 Metaspace       used 31044K, committed 32000K, reserved 1114112K
  class space    used 3094K, committed 3520K, reserved 1048576K
}
Event: 1.693 GC heap before
{Heap before GC invocations=12 (full 1):
 PSYoungGen      total 27648K, used 27247K [0x00000000d5580000, 0x00000000d7680000, 0x0000000100000000)
  eden space 23040K, 100% used [0x00000000d5580000,0x00000000d6c00000,0x00000000d6c00000)
  from space 4608K, 91% used [0x00000000d7200000,0x00000000d761bc48,0x00000000d7680000)
  to   space 4608K, 0% used [0x00000000d6d80000,0x00000000d6d80000,0x00000000d7200000)
 ParOldGen       total 68608K, used 14693K [0x0000000080000000, 0x0000000084300000, 0x00000000d5580000)
  object space 68608K, 21% used [0x0000000080000000,0x0000000080e59458,0x0000000084300000)
 Metaspace       used 31353K, committed 32256K, reserved 1114112K
  class space    used 3134K, committed 3520K, reserved 1048576K
}
Event: 1.698 GC heap after
{Heap after GC invocations=12 (full 1):
 PSYoungGen      total 25600K, used 2786K [0x00000000d5580000, 0x00000000d7280000, 0x0000000100000000)
  eden space 22528K, 0% used [0x00000000d5580000,0x00000000d5580000,0x00000000d6b80000)
  from space 3072K, 90% used [0x00000000d6d80000,0x00000000d7038820,0x00000000d7080000)
  to   space 2048K, 0% used [0x00000000d7080000,0x00000000d7080000,0x00000000d7280000)
 ParOldGen       total 68608K, used 18714K [0x0000000080000000, 0x0000000084300000, 0x00000000d5580000)
  object space 68608K, 27% used [0x0000000080000000,0x0000000081246828,0x0000000084300000)
 Metaspace       used 31353K, committed 32256K, reserved 1114112K
  class space    used 3134K, committed 3520K, reserved 1048576K
}
Event: 1.727 GC heap before
{Heap before GC invocations=13 (full 1):
 PSYoungGen      total 25600K, used 25314K [0x00000000d5580000, 0x00000000d7280000, 0x0000000100000000)
  eden space 22528K, 100% used [0x00000000d5580000,0x00000000d6b80000,0x00000000d6b80000)
  from space 3072K, 90% used [0x00000000d6d80000,0x00000000d7038820,0x00000000d7080000)
  to   space 2048K, 0% used [0x00000000d7080000,0x00000000d7080000,0x00000000d7280000)
 ParOldGen       total 68608K, used 18714K [0x0000000080000000, 0x0000000084300000, 0x00000000d5580000)
  object space 68608K, 27% used [0x0000000080000000,0x0000000081246828,0x0000000084300000)
 Metaspace       used 31368K, committed 32320K, reserved 1114112K
  class space    used 3134K, committed 3520K, reserved 1048576K
}
Event: 1.730 GC heap after
{Heap after GC invocations=13 (full 1):
 PSYoungGen      total 24064K, used 2048K [0x00000000d5580000, 0x00000000d7600000, 0x0000000100000000)
  eden space 22016K, 0% used [0x00000000d5580000,0x00000000d5580000,0x00000000d6b00000)
  from space 2048K, 100% used [0x00000000d7080000,0x00000000d7280000,0x00000000d7280000)
  to   space 5632K, 0% used [0x00000000d6b00000,0x00000000d6b00000,0x00000000d7080000)
 ParOldGen       total 68608K, used 21567K [0x0000000080000000, 0x0000000084300000, 0x00000000d5580000)
  object space 68608K, 31% used [0x0000000080000000,0x000000008150fea8,0x0000000084300000)
 Metaspace       used 31368K, committed 32320K, reserved 1114112K
  class space    used 3134K, committed 3520K, reserved 1048576K
}
Event: 1.760 GC heap before
{Heap before GC invocations=14 (full 1):
 PSYoungGen      total 24064K, used 24064K [0x00000000d5580000, 0x00000000d7600000, 0x0000000100000000)
  eden space 22016K, 100% used [0x00000000d5580000,0x00000000d6b00000,0x00000000d6b00000)
  from space 2048K, 100% used [0x00000000d7080000,0x00000000d7280000,0x00000000d7280000)
  to   space 5632K, 0% used [0x00000000d6b00000,0x00000000d6b00000,0x00000000d7080000)
 ParOldGen       total 68608K, used 21567K [0x0000000080000000, 0x0000000084300000, 0x00000000d5580000)
  object space 68608K, 31% used [0x0000000080000000,0x000000008150fea8,0x0000000084300000)
 Metaspace       used 31384K, committed 32320K, reserved 1114112K
  class space    used 3135K, committed 3520K, reserved 1048576K
}
Event: 1.763 GC heap after
{Heap after GC invocations=14 (full 1):
 PSYoungGen      total 24576K, used 2496K [0x00000000d5580000, 0x00000000d7200000, 0x0000000100000000)
  eden space 22016K, 0% used [0x00000000d5580000,0x00000000d5580000,0x00000000d6b00000)
  from space 2560K, 97% used [0x00000000d6b00000,0x00000000d6d70010,0x00000000d6d80000)
  to   space 3584K, 0% used [0x00000000d6e80000,0x00000000d6e80000,0x00000000d7200000)
 ParOldGen       total 68608K, used 23577K [0x0000000080000000, 0x0000000084300000, 0x00000000d5580000)
  object space 68608K, 34% used [0x0000000080000000,0x00000000817064d0,0x0000000084300000)
 Metaspace       used 31384K, committed 32320K, reserved 1114112K
  class space    used 3135K, committed 3520K, reserved 1048576K
}
Event: 1.790 GC heap before
{Heap before GC invocations=15 (full 1):
 PSYoungGen      total 24576K, used 24512K [0x00000000d5580000, 0x00000000d7200000, 0x0000000100000000)
  eden space 22016K, 100% used [0x00000000d5580000,0x00000000d6b00000,0x00000000d6b00000)
  from space 2560K, 97% used [0x00000000d6b00000,0x00000000d6d70010,0x00000000d6d80000)
  to   space 3584K, 0% used [0x00000000d6e80000,0x00000000d6e80000,0x00000000d7200000)
 ParOldGen       total 68608K, used 23577K [0x0000000080000000, 0x0000000084300000, 0x00000000d5580000)
  object space 68608K, 34% used [0x0000000080000000,0x00000000817064d0,0x0000000084300000)
 Metaspace       used 31429K, committed 32320K, reserved 1114112K
  class space    used 3135K, committed 3520K, reserved 1048576K
}
Event: 1.793 GC heap after
{Heap after GC invocations=15 (full 1):
 PSYoungGen      total 24576K, used 2200K [0x00000000d5580000, 0x00000000d7100000, 0x0000000100000000)
  eden space 22016K, 0% used [0x00000000d5580000,0x00000000d5580000,0x00000000d6b00000)
  from space 2560K, 85% used [0x00000000d6e80000,0x00000000d70a6200,0x00000000d7100000)
  to   space 2560K, 0% used [0x00000000d6b00000,0x00000000d6b00000,0x00000000d6d80000)
 ParOldGen       total 68608K, used 25977K [0x0000000080000000, 0x0000000084300000, 0x00000000d5580000)
  object space 68608K, 37% used [0x0000000080000000,0x000000008195e4e0,0x0000000084300000)
 Metaspace       used 31429K, committed 32320K, reserved 1114112K
  class space    used 3135K, committed 3520K, reserved 1048576K
}
Event: 1.910 GC heap before
{Heap before GC invocations=16 (full 1):
 PSYoungGen      total 24576K, used 24216K [0x00000000d5580000, 0x00000000d7100000, 0x0000000100000000)
  eden space 22016K, 100% used [0x00000000d5580000,0x00000000d6b00000,0x00000000d6b00000)
  from space 2560K, 85% used [0x00000000d6e80000,0x00000000d70a6200,0x00000000d7100000)
  to   space 2560K, 0% used [0x00000000d6b00000,0x00000000d6b00000,0x00000000d6d80000)
 ParOldGen       total 68608K, used 25977K [0x0000000080000000, 0x0000000084300000, 0x00000000d5580000)
  object space 68608K, 37% used [0x0000000080000000,0x000000008195e4e0,0x0000000084300000)
 Metaspace       used 33613K, committed 34496K, reserved 1114112K
  class space    used 3424K, committed 3840K, reserved 1048576K
}
Event: 1.912 GC heap after
{Heap after GC invocations=16 (full 1):
 PSYoungGen      total 24064K, used 1634K [0x00000000d5580000, 0x00000000d6f00000, 0x0000000100000000)
  eden space 22016K, 0% used [0x00000000d5580000,0x00000000d5580000,0x00000000d6b00000)
  from space 2048K, 79% used [0x00000000d6b00000,0x00000000d6c988d8,0x00000000d6d00000)
  to   space 2048K, 0% used [0x00000000d6d00000,0x00000000d6d00000,0x00000000d6f00000)
 ParOldGen       total 68608K, used 28081K [0x0000000080000000, 0x0000000084300000, 0x00000000d5580000)
  object space 68608K, 40% used [0x0000000080000000,0x0000000081b6c6e0,0x0000000084300000)
 Metaspace       used 33613K, committed 34496K, reserved 1114112K
  class space    used 3424K, committed 3840K, reserved 1048576K
}
Event: 1.980 GC heap before
{Heap before GC invocations=17 (full 1):
 PSYoungGen      total 24064K, used 23530K [0x00000000d5580000, 0x00000000d6f00000, 0x0000000100000000)
  eden space 22016K, 99% used [0x00000000d5580000,0x00000000d6ae2008,0x00000000d6b00000)
  from space 2048K, 79% used [0x00000000d6b00000,0x00000000d6c988d8,0x00000000d6d00000)
  to   space 2048K, 0% used [0x00000000d6d00000,0x00000000d6d00000,0x00000000d6f00000)
 ParOldGen       total 68608K, used 28081K [0x0000000080000000, 0x0000000084300000, 0x00000000d5580000)
  object space 68608K, 40% used [0x0000000080000000,0x0000000081b6c6e0,0x0000000084300000)
 Metaspace       used 34911K, committed 35840K, reserved 1114112K
  class space    used 3545K, committed 3968K, reserved 1048576K
}
Event: 1.981 GC heap after
{Heap after GC invocations=17 (full 1):
 PSYoungGen      total 23040K, used 586K [0x00000000d5580000, 0x00000000d6e00000, 0x0000000100000000)
  eden space 22016K, 0% used [0x00000000d5580000,0x00000000d5580000,0x00000000d6b00000)
  from space 1024K, 57% used [0x00000000d6d00000,0x00000000d6d928b8,0x00000000d6e00000)
  to   space 1024K, 0% used [0x00000000d6c00000,0x00000000d6c00000,0x00000000d6d00000)
 ParOldGen       total 68608K, used 29619K [0x0000000080000000, 0x0000000084300000, 0x00000000d5580000)
  object space 68608K, 43% used [0x0000000080000000,0x0000000081cecdb8,0x0000000084300000)
 Metaspace       used 34911K, committed 35840K, reserved 1114112K
  class space    used 3545K, committed 3968K, reserved 1048576K
}
Event: 1.981 GC heap before
{Heap before GC invocations=18 (full 2):
 PSYoungGen      total 23040K, used 586K [0x00000000d5580000, 0x00000000d6e00000, 0x0000000100000000)
  eden space 22016K, 0% used [0x00000000d5580000,0x00000000d5580000,0x00000000d6b00000)
  from space 1024K, 57% used [0x00000000d6d00000,0x00000000d6d928b8,0x00000000d6e00000)
  to   space 1024K, 0% used [0x00000000d6c00000,0x00000000d6c00000,0x00000000d6d00000)
 ParOldGen       total 68608K, used 29619K [0x0000000080000000, 0x0000000084300000, 0x00000000d5580000)
  object space 68608K, 43% used [0x0000000080000000,0x0000000081cecdb8,0x0000000084300000)
 Metaspace       used 34911K, committed 35840K, reserved 1114112K
  class space    used 3545K, committed 3968K, reserved 1048576K
}

